anomalous dataset file opened
anomalous df made
normal training dataset file opened
normal training df made
Duplicates removed from anomalous dataset
Number of rows in anomalous dataset: 426
Duplicates removed from normal dataset
Number of rows in normal dataset: 152
After duplicates removal, anomalous dataset became greater than normal dataset. It will be downsampled.
Anomalous and normal dataset concatenated
########################################################################################################################################################################################################
DATASET BEFORE PRE-PROCESSING
########################################################################################################################################################################################################
HEAD
        %21FIlatelia  %21d12CAR3AD1ra  ...  zureik  zurica%40zaya.sr    ~
210  0           0.0              NaN  ...     0.0               0.0  0.0
91   0           0.0              NaN  ...     0.0               0.0  0.0
150  0           0.0              NaN  ...     0.0               0.0  0.0
446  0           0.0              NaN  ...     0.0               0.0  0.0
178  0           0.0              NaN  ...     0.0               0.0  0.0

[5 rows x 2605 columns]
--------------------------------------------------
Describe:
                   %21FIlatelia  ...  zurica%40zaya.sr      ~
count  304.000000         152.0  ...        152.000000  152.0
mean     0.125000           0.0  ...          0.006579    0.0
std      0.331264           0.0  ...          0.081111    0.0
min      0.000000           0.0  ...          0.000000    0.0
25%      0.000000           0.0  ...          0.000000    0.0
50%      0.000000           0.0  ...          0.000000    0.0
75%      0.000000           0.0  ...          0.000000    0.0
max      1.000000           0.0  ...          1.000000    0.0

[8 rows x 2602 columns]
--------------------------------------------------
Number of rows: 304
--------------------------------------------------
count          304
unique           1
top       HTTP/1.1
freq           304
Name: version, dtype: object
--------------------------------------------------
count     304
unique      3
top       GET
freq      171
Name: method, dtype: object
--------------------------------------------------
count           304
unique            2
top       anomalous
freq            152
Name: label, dtype: object
--------------------------------------------------
count    304.000000
mean       0.125000
std        0.331264
min        0.000000
25%        0.000000
50%        0.000000
75%        0.000000
max        1.000000
Name: , dtype: float64
########################################################################################################################################################################################################
PRE-PROCESSING
########################################################################################################################################################################################################
Replacing NaN with 0's
Droping '' column. It represents the empty string before or after the '/' in the paths and seens not to be meaningful.
Droping columns with unique value. e.g.: 'version'
########################################################################################################################################################################################################
DATASET AFTER PRE-PROCESSING
########################################################################################################################################################################################################
     %21d12CAR3AD1ra  %22  ...  zonc4o  zurica%40zaya.sr
210              0.0  0.0  ...     0.0               0.0
91               0.0  0.0  ...     0.0               0.0
150              0.0  0.0  ...     0.0               0.0
446              0.0  0.0  ...     0.0               0.0
178              0.0  0.0  ...     0.0               0.0

[5 rows x 1542 columns]
--------------------------------------------------
Describe:
       %21d12CAR3AD1ra         %22  ...      zonc4o  zurica%40zaya.sr
count       304.000000  304.000000  ...  304.000000        304.000000
mean          0.003289    0.003289  ...    0.003289          0.003289
std           0.057354    0.057354  ...    0.057354          0.057354
min           0.000000    0.000000  ...    0.000000          0.000000
25%           0.000000    0.000000  ...    0.000000          0.000000
50%           0.000000    0.000000  ...    0.000000          0.000000
75%           0.000000    0.000000  ...    0.000000          0.000000
max           1.000000    1.000000  ...    1.000000          1.000000

[8 rows x 1540 columns]
--------------------------------------------------
Number of rows: 304
--------------------------------------------------
count     304
unique      3
top       GET
freq      171
Name: method, dtype: object
--------------------------------------------------
count           304
unique            2
top       anomalous
freq            152
Name: label, dtype: object
--------------------------------------------------
